<?xml version="1.0" encoding="UTF-8"?>
<!-- Generated by org.testng.reporters.JUnitReportReporter -->
<testsuite hostname="Mukeshs-MacBook-Air.local" failures="0" tests="5" name="api.test.UserTests2" time="8.116" errors="0" timestamp="2025-05-12T19:53:22 IST" skipped="1">
  <testcase classname="api.test.UserTests2" name="testPostUser" time="1.355"/>
  <system-out/>
  <testcase classname="api.test.UserTests2" name="testGetUserByName" time="1.409">
    <skipped/>
  </testcase> <!-- testGetUserByName -->
  <system-out/>
  <testcase classname="api.test.UserTests2" name="testGetUserByName" time="1.361"/>
  <system-out/>
  <testcase classname="api.test.UserTests2" name="testUpdateUserByName" time="2.664"/>
  <system-out/>
  <testcase classname="api.test.UserTests2" name="testDeleteUserByName" time="1.327"/>
  <system-out/>
</testsuite> <!-- api.test.UserTests2 -->
