<?xml version="1.0" encoding="UTF-8"?>
<!-- Generated by org.testng.reporters.JUnitReportReporter -->
<testsuite hostname="Mukeshs-MacBook-Air.local" failures="0" tests="3" name="api.test.DataDrivenTests" time="7.515" errors="0" timestamp="2025-05-12T19:53:22 IST" skipped="0">
  <testcase classname="api.test.DataDrivenTests" name="testPostUser" time="4.762"/>
  <system-out/>
  <testcase classname="api.test.DataDrivenTests" name="testPostUser" time="1.403"/>
  <system-out/>
  <testcase classname="api.test.DataDrivenTests" name="testPostUser" time="1.350"/>
  <system-out/>
</testsuite> <!-- api.test.DataDrivenTests -->
