<?xml version="1.0" encoding="UTF-8"?>
<!-- Generated by org.testng.reporters.JUnitReportReporter -->
<testsuite hostname="Mukeshs-MacBook-Air.local" failures="0" tests="3" name="api.test.DataDrivenTests" time="8.224" errors="0" timestamp="2025-05-12T14:50:33 IST" skipped="0">
  <testcase classname="api.test.DataDrivenTests" name="testPostUser" time="1.319"/>
  <system-out/>
  <testcase classname="api.test.DataDrivenTests" name="testPostUser" time="1.344"/>
  <system-out/>
  <testcase classname="api.test.DataDrivenTests" name="testPostUser" time="5.561"/>
  <system-out/>
</testsuite> <!-- api.test.DataDrivenTests -->
