<?xml version="1.0" encoding="UTF-8"?>
<!-- Generated by org.testng.reporters.JUnitReportReporter -->
<testsuite hostname="Mukeshs-MacBook-Air.local" failures="0" tests="4" name="api.test.UserTests" time="7.053" errors="0" timestamp="2025-05-12T14:50:33 IST" skipped="0">
  <testcase classname="api.test.UserTests" name="testPostUser" time="1.478"/>
  <system-out/>
  <testcase classname="api.test.UserTests" name="testGetUserByName" time="1.359"/>
  <system-out/>
  <testcase classname="api.test.UserTests" name="testUpdateUserByName" time="2.725"/>
  <system-out/>
  <testcase classname="api.test.UserTests" name="testDeleteUserByName" time="1.491"/>
  <system-out/>
</testsuite> <!-- api.test.UserTests -->
