<?xml version="1.0" encoding="UTF-8"?>
<!-- Generated by org.testng.reporters.JUnitReportReporter -->
<testsuite hostname="Mukeshs-MacBook-Air.local" failures="0" tests="4" name="api.test.UserTests" time="6.775" errors="0" timestamp="2025-05-12T19:53:22 IST" skipped="0">
  <testcase classname="api.test.UserTests" name="testPostUser" time="1.421"/>
  <system-out/>
  <testcase classname="api.test.UserTests" name="testGetUserByName" time="1.346"/>
  <system-out/>
  <testcase classname="api.test.UserTests" name="testUpdateUserByName" time="2.612"/>
  <system-out/>
  <testcase classname="api.test.UserTests" name="testDeleteUserByName" time="1.396"/>
  <system-out/>
</testsuite> <!-- api.test.UserTests -->
